This file contains any messages produced by compilers while
running configure, to aid debugging if configure makes a mistake.

It was created by configure, which was
generated by GNU Autoconf 2.60a.  Invocation command line was

  $ ./configure 

## --------- ##
## Platform. ##
## --------- ##

hostname = r27rtdmr6.desktop.umr.edu
uname -m = i686
uname -r = 2.4.27-3-686-smp
uname -s = Linux
uname -v = #1 SMP Mon May 29 23:26:59 UTC 2006

/usr/bin/uname -p = unknown
/bin/uname -X     = unknown

/bin/arch              = i686
/usr/bin/arch -k       = unknown
/usr/convex/getsysinfo = unknown
/usr/bin/hostinfo      = unknown
/bin/machine           = unknown
/usr/bin/oslevel       = unknown
/bin/universe          = unknown

PATH: /usr/local/bin
PATH: /usr/bin
PATH: /bin
PATH: /usr/bin/X11
PATH: /usr/games


## ----------- ##
## Core tests. ##
## ----------- ##

configure:1738: checking for a BSD-compatible install
configure:1794: result: /usr/bin/install -c
configure:1805: checking whether build environment is sane
configure:1848: result: yes
configure:1863: checking whether make sets $(MAKE)
configure:1884: result: yes
configure:1916: checking for working aclocal-1.4
configure:1923: result: found
configure:1931: checking for working autoconf
configure:1938: result: found
configure:1946: checking for working automake-1.4
configure:1953: result: found
configure:1961: checking for working autoheader
configure:1968: result: found
configure:1976: checking for working makeinfo
configure:1983: result: found
configure:2010: checking build system type
configure:2028: result: i686-pc-linux-gnu
configure:2050: checking host system type
configure:2065: result: i686-pc-linux-gnu
configure:2101: checking for a BSD-compatible install
configure:2157: result: /usr/bin/install -c
configure:2216: checking for gcc
configure:2232: found /usr/bin/gcc
configure:2243: result: gcc
configure:2481: checking for C compiler version
configure:2488: gcc --version >&5
gcc (GCC) 4.1.2 20060901 (prerelease) (Debian 4.1.1-13)
Copyright (C) 2006 Free Software Foundation, Inc.
This is free software; see the source for copying conditions.  There is NO
warranty; not even for MERCHANTABILITY or FITNESS FOR A PARTICULAR PURPOSE.

configure:2491: $? = 0
configure:2498: gcc -v >&5
Using built-in specs.
Target: i486-linux-gnu
Configured with: ../src/configure -v --enable-languages=c,c++,fortran,objc,obj-c++,treelang --prefix=/usr --enable-shared --with-system-zlib --libexecdir=/usr/lib --without-included-gettext --enable-threads=posix --enable-nls --program-suffix=-4.1 --enable-__cxa_atexit --enable-clocale=gnu --enable-libstdcxx-debug --enable-mpfr --with-tune=i686 --enable-checking=release i486-linux-gnu
Thread model: posix
gcc version 4.1.2 20060901 (prerelease) (Debian 4.1.1-13)
configure:2501: $? = 0
configure:2508: gcc -V >&5
gcc: '-V' option must have argument
configure:2511: $? = 1
configure:2534: checking for C compiler default output file name
configure:2561: gcc    conftest.c  >&5
configure:2564: $? = 0
configure:2602: result: a.out
configure:2619: checking whether the C compiler works
configure:2629: ./a.out
configure:2632: $? = 0
configure:2649: result: yes
configure:2656: checking whether we are cross compiling
configure:2658: result: no
configure:2661: checking for suffix of executables
configure:2668: gcc -o conftest    conftest.c  >&5
configure:2671: $? = 0
configure:2695: result: 
configure:2701: checking for suffix of object files
configure:2727: gcc -c   conftest.c >&5
configure:2730: $? = 0
configure:2753: result: o
configure:2757: checking whether we are using the GNU C compiler
configure:2786: gcc -c   conftest.c >&5
configure:2792: $? = 0
configure:2799: test -z "$ac_c_werror_flag" || test ! -s conftest.err
configure:2802: $? = 0
configure:2809: test -s conftest.o
configure:2812: $? = 0
configure:2826: result: yes
configure:2831: checking whether gcc accepts -g
configure:2861: gcc -c -g  conftest.c >&5
configure:2867: $? = 0
configure:2874: test -z "$ac_c_werror_flag" || test ! -s conftest.err
configure:2877: $? = 0
configure:2884: test -s conftest.o
configure:2887: $? = 0
configure:3017: result: yes
configure:3034: checking for gcc option to accept ISO C89
configure:3108: gcc  -c -g -O2  conftest.c >&5
configure:3114: $? = 0
configure:3121: test -z "$ac_c_werror_flag" || test ! -s conftest.err
configure:3124: $? = 0
configure:3131: test -s conftest.o
configure:3134: $? = 0
configure:3154: result: none needed
configure:3230: checking for g++
configure:3246: found /usr/bin/g++
configure:3257: result: g++
configure:3288: checking for C++ compiler version
configure:3295: g++ --version >&5
g++ (GCC) 4.1.2 20060901 (prerelease) (Debian 4.1.1-13)
Copyright (C) 2006 Free Software Foundation, Inc.
This is free software; see the source for copying conditions.  There is NO
warranty; not even for MERCHANTABILITY or FITNESS FOR A PARTICULAR PURPOSE.

configure:3298: $? = 0
configure:3305: g++ -v >&5
Using built-in specs.
Target: i486-linux-gnu
Configured with: ../src/configure -v --enable-languages=c,c++,fortran,objc,obj-c++,treelang --prefix=/usr --enable-shared --with-system-zlib --libexecdir=/usr/lib --without-included-gettext --enable-threads=posix --enable-nls --program-suffix=-4.1 --enable-__cxa_atexit --enable-clocale=gnu --enable-libstdcxx-debug --enable-mpfr --with-tune=i686 --enable-checking=release i486-linux-gnu
Thread model: posix
gcc version 4.1.2 20060901 (prerelease) (Debian 4.1.1-13)
configure:3308: $? = 0
configure:3315: g++ -V >&5
g++: '-V' option must have argument
configure:3318: $? = 1
configure:3321: checking whether we are using the GNU C++ compiler
configure:3350: g++ -c   conftest.cpp >&5
configure:3356: $? = 0
configure:3363: test -z "$ac_cxx_werror_flag" || test ! -s conftest.err
configure:3366: $? = 0
configure:3373: test -s conftest.o
configure:3376: $? = 0
configure:3390: result: yes
configure:3395: checking whether g++ accepts -g
configure:3425: g++ -c -g  conftest.cpp >&5
configure:3431: $? = 0
configure:3438: test -z "$ac_cxx_werror_flag" || test ! -s conftest.err
configure:3441: $? = 0
configure:3448: test -s conftest.o
configure:3451: $? = 0
configure:3581: result: yes
configure:3612: checking how to run the C preprocessor
configure:3652: gcc -E  conftest.c
configure:3658: $? = 0
configure:3696: gcc -E  conftest.c
conftest.c:10:28: error: ac_nonexistent.h: No such file or directory
configure:3702: $? = 1
configure: failed program was:
| /* confdefs.h.  */
| #define PACKAGE_NAME ""
| #define PACKAGE_TARNAME ""
| #define PACKAGE_VERSION ""
| #define PACKAGE_STRING ""
| #define PACKAGE_BUGREPORT ""
| #define PACKAGE "context_tree"
| #define VERSION "0.1.0"
| /* end confdefs.h.  */
| #include <ac_nonexistent.h>
configure:3742: result: gcc -E
configure:3771: gcc -E  conftest.c
configure:3777: $? = 0
configure:3815: gcc -E  conftest.c
conftest.c:10:28: error: ac_nonexistent.h: No such file or directory
configure:3821: $? = 1
configure: failed program was:
| /* confdefs.h.  */
| #define PACKAGE_NAME ""
| #define PACKAGE_TARNAME ""
| #define PACKAGE_VERSION ""
| #define PACKAGE_STRING ""
| #define PACKAGE_BUGREPORT ""
| #define PACKAGE "context_tree"
| #define VERSION "0.1.0"
| /* end confdefs.h.  */
| #include <ac_nonexistent.h>
configure:3866: checking for grep that handles long lines and -e
configure:3940: result: /bin/grep
configure:3945: checking for egrep
configure:4023: result: /bin/grep -E
configure:4028: checking for ANSI C header files
configure:4058: gcc -c -g -O2  conftest.c >&5
configure:4064: $? = 0
configure:4071: test -z "$ac_c_werror_flag" || test ! -s conftest.err
configure:4074: $? = 0
configure:4081: test -s conftest.o
configure:4084: $? = 0
configure:4180: gcc -o conftest -g -O2   conftest.c  >&5
configure:4183: $? = 0
configure:4189: ./conftest
configure:4192: $? = 0
configure:4209: result: yes
configure:4233: checking for sys/types.h
configure:4254: gcc -c -g -O2  conftest.c >&5
configure:4260: $? = 0
configure:4267: test -z "$ac_c_werror_flag" || test ! -s conftest.err
configure:4270: $? = 0
configure:4277: test -s conftest.o
configure:4280: $? = 0
configure:4293: result: yes
configure:4233: checking for sys/stat.h
configure:4254: gcc -c -g -O2  conftest.c >&5
configure:4260: $? = 0
configure:4267: test -z "$ac_c_werror_flag" || test ! -s conftest.err
configure:4270: $? = 0
configure:4277: test -s conftest.o
configure:4280: $? = 0
configure:4293: result: yes
configure:4233: checking for stdlib.h
configure:4254: gcc -c -g -O2  conftest.c >&5
configure:4260: $? = 0
configure:4267: test -z "$ac_c_werror_flag" || test ! -s conftest.err
configure:4270: $? = 0
configure:4277: test -s conftest.o
configure:4280: $? = 0
configure:4293: result: yes
configure:4233: checking for string.h
configure:4254: gcc -c -g -O2  conftest.c >&5
configure:4260: $? = 0
configure:4267: test -z "$ac_c_werror_flag" || test ! -s conftest.err
configure:4270: $? = 0
configure:4277: test -s conftest.o
configure:4280: $? = 0
configure:4293: result: yes
configure:4233: checking for memory.h
configure:4254: gcc -c -g -O2  conftest.c >&5
configure:4260: $? = 0
configure:4267: test -z "$ac_c_werror_flag" || test ! -s conftest.err
configure:4270: $? = 0
configure:4277: test -s conftest.o
configure:4280: $? = 0
configure:4293: result: yes
configure:4233: checking for strings.h
configure:4254: gcc -c -g -O2  conftest.c >&5
configure:4260: $? = 0
configure:4267: test -z "$ac_c_werror_flag" || test ! -s conftest.err
configure:4270: $? = 0
configure:4277: test -s conftest.o
configure:4280: $? = 0
configure:4293: result: yes
configure:4233: checking for inttypes.h
configure:4254: gcc -c -g -O2  conftest.c >&5
configure:4260: $? = 0
configure:4267: test -z "$ac_c_werror_flag" || test ! -s conftest.err
configure:4270: $? = 0
configure:4277: test -s conftest.o
configure:4280: $? = 0
configure:4293: result: yes
configure:4233: checking for stdint.h
configure:4254: gcc -c -g -O2  conftest.c >&5
configure:4260: $? = 0
configure:4267: test -z "$ac_c_werror_flag" || test ! -s conftest.err
configure:4270: $? = 0
configure:4277: test -s conftest.o
configure:4280: $? = 0
configure:4293: result: yes
configure:4233: checking for unistd.h
configure:4254: gcc -c -g -O2  conftest.c >&5
configure:4260: $? = 0
configure:4267: test -z "$ac_c_werror_flag" || test ! -s conftest.err
configure:4270: $? = 0
configure:4277: test -s conftest.o
configure:4280: $? = 0
configure:4293: result: yes
configure:4323: checking for unistd.h
configure:4329: result: yes
configure:4333: checking sys/param.h usability
configure:4350: gcc -c -g -O2  conftest.c >&5
configure:4356: $? = 0
configure:4363: test -z "$ac_c_werror_flag" || test ! -s conftest.err
configure:4366: $? = 0
configure:4373: test -s conftest.o
configure:4376: $? = 0
configure:4387: result: yes
configure:4391: checking sys/param.h presence
configure:4406: gcc -E  conftest.c
configure:4412: $? = 0
configure:4433: result: yes
configure:4461: checking for sys/param.h
configure:4469: result: yes
configure:4333: checking sys/time.h usability
configure:4350: gcc -c -g -O2  conftest.c >&5
configure:4356: $? = 0
configure:4363: test -z "$ac_c_werror_flag" || test ! -s conftest.err
configure:4366: $? = 0
configure:4373: test -s conftest.o
configure:4376: $? = 0
configure:4387: result: yes
configure:4391: checking sys/time.h presence
configure:4406: gcc -E  conftest.c
configure:4412: $? = 0
configure:4433: result: yes
configure:4461: checking for sys/time.h
configure:4469: result: yes
configure:4333: checking time.h usability
configure:4350: gcc -c -g -O2  conftest.c >&5
configure:4356: $? = 0
configure:4363: test -z "$ac_c_werror_flag" || test ! -s conftest.err
configure:4366: $? = 0
configure:4373: test -s conftest.o
configure:4376: $? = 0
configure:4387: result: yes
configure:4391: checking time.h presence
configure:4406: gcc -E  conftest.c
configure:4412: $? = 0
configure:4433: result: yes
configure:4461: checking for time.h
configure:4469: result: yes
configure:4333: checking sys/mkdev.h usability
configure:4350: gcc -c -g -O2  conftest.c >&5
conftest.c:57:23: error: sys/mkdev.h: No such file or directory
configure:4356: $? = 1
configure: failed program was:
| /* confdefs.h.  */
| #define PACKAGE_NAME ""
| #define PACKAGE_TARNAME ""
| #define PACKAGE_VERSION ""
| #define PACKAGE_STRING ""
| #define PACKAGE_BUGREPORT ""
| #define PACKAGE "context_tree"
| #define VERSION "0.1.0"
| #define STDC_HEADERS 1
| #define HAVE_SYS_TYPES_H 1
| #define HAVE_SYS_STAT_H 1
| #define HAVE_STDLIB_H 1
| #define HAVE_STRING_H 1
| #define HAVE_MEMORY_H 1
| #define HAVE_STRINGS_H 1
| #define HAVE_INTTYPES_H 1
| #define HAVE_STDINT_H 1
| #define HAVE_UNISTD_H 1
| #define HAVE_UNISTD_H 1
| #define HAVE_SYS_PARAM_H 1
| #define HAVE_SYS_TIME_H 1
| #define HAVE_TIME_H 1
| /* end confdefs.h.  */
| #include <stdio.h>
| #ifdef HAVE_SYS_TYPES_H
| # include <sys/types.h>
| #endif
| #ifdef HAVE_SYS_STAT_H
| # include <sys/stat.h>
| #endif
| #ifdef STDC_HEADERS
| # include <stdlib.h>
| # include <stddef.h>
| #else
| # ifdef HAVE_STDLIB_H
| #  include <stdlib.h>
| # endif
| #endif
| #ifdef HAVE_STRING_H
| # if !defined STDC_HEADERS && defined HAVE_MEMORY_H
| #  include <memory.h>
| # endif
| # include <string.h>
| #endif
| #ifdef HAVE_STRINGS_H
| # include <strings.h>
| #endif
| #ifdef HAVE_INTTYPES_H
| # include <inttypes.h>
| #endif
| #ifdef HAVE_STDINT_H
| # include <stdint.h>
| #endif
| #ifdef HAVE_UNISTD_H
| # include <unistd.h>
| #endif
| #include <sys/mkdev.h>
configure:4387: result: no
configure:4391: checking sys/mkdev.h presence
configure:4406: gcc -E  conftest.c
conftest.c:24:23: error: sys/mkdev.h: No such file or directory
configure:4412: $? = 1
configure: failed program was:
| /* confdefs.h.  */
| #define PACKAGE_NAME ""
| #define PACKAGE_TARNAME ""
| #define PACKAGE_VERSION ""
| #define PACKAGE_STRING ""
| #define PACKAGE_BUGREPORT ""
| #define PACKAGE "context_tree"
| #define VERSION "0.1.0"
| #define STDC_HEADERS 1
| #define HAVE_SYS_TYPES_H 1
| #define HAVE_SYS_STAT_H 1
| #define HAVE_STDLIB_H 1
| #define HAVE_STRING_H 1
| #define HAVE_MEMORY_H 1
| #define HAVE_STRINGS_H 1
| #define HAVE_INTTYPES_H 1
| #define HAVE_STDINT_H 1
| #define HAVE_UNISTD_H 1
| #define HAVE_UNISTD_H 1
| #define HAVE_SYS_PARAM_H 1
| #define HAVE_SYS_TIME_H 1
| #define HAVE_TIME_H 1
| /* end confdefs.h.  */
| #include <sys/mkdev.h>
configure:4433: result: no
configure:4461: checking for sys/mkdev.h
configure:4469: result: no
configure:4333: checking sys/sysmacros.h usability
configure:4350: gcc -c -g -O2  conftest.c >&5
configure:4356: $? = 0
configure:4363: test -z "$ac_c_werror_flag" || test ! -s conftest.err
configure:4366: $? = 0
configure:4373: test -s conftest.o
configure:4376: $? = 0
configure:4387: result: yes
configure:4391: checking sys/sysmacros.h presence
configure:4406: gcc -E  conftest.c
configure:4412: $? = 0
configure:4433: result: yes
configure:4461: checking for sys/sysmacros.h
configure:4469: result: yes
configure:4323: checking for string.h
configure:4329: result: yes
configure:4323: checking for memory.h
configure:4329: result: yes
configure:4333: checking fcntl.h usability
configure:4350: gcc -c -g -O2  conftest.c >&5
configure:4356: $? = 0
configure:4363: test -z "$ac_c_werror_flag" || test ! -s conftest.err
configure:4366: $? = 0
configure:4373: test -s conftest.o
configure:4376: $? = 0
configure:4387: result: yes
configure:4391: checking fcntl.h presence
configure:4406: gcc -E  conftest.c
configure:4412: $? = 0
configure:4433: result: yes
configure:4461: checking for fcntl.h
configure:4469: result: yes
configure:4333: checking dirent.h usability
configure:4350: gcc -c -g -O2  conftest.c >&5
configure:4356: $? = 0
configure:4363: test -z "$ac_c_werror_flag" || test ! -s conftest.err
configure:4366: $? = 0
configure:4373: test -s conftest.o
configure:4376: $? = 0
configure:4387: result: yes
configure:4391: checking dirent.h presence
configure:4406: gcc -E  conftest.c
configure:4412: $? = 0
configure:4433: result: yes
configure:4461: checking for dirent.h
configure:4469: result: yes
configure:4333: checking sys/ndir.h usability
configure:4350: gcc -c -g -O2  conftest.c >&5
conftest.c:62:22: error: sys/ndir.h: No such file or directory
configure:4356: $? = 1
configure: failed program was:
| /* confdefs.h.  */
| #define PACKAGE_NAME ""
| #define PACKAGE_TARNAME ""
| #define PACKAGE_VERSION ""
| #define PACKAGE_STRING ""
| #define PACKAGE_BUGREPORT ""
| #define PACKAGE "context_tree"
| #define VERSION "0.1.0"
| #define STDC_HEADERS 1
| #define HAVE_SYS_TYPES_H 1
| #define HAVE_SYS_STAT_H 1
| #define HAVE_STDLIB_H 1
| #define HAVE_STRING_H 1
| #define HAVE_MEMORY_H 1
| #define HAVE_STRINGS_H 1
| #define HAVE_INTTYPES_H 1
| #define HAVE_STDINT_H 1
| #define HAVE_UNISTD_H 1
| #define HAVE_UNISTD_H 1
| #define HAVE_SYS_PARAM_H 1
| #define HAVE_SYS_TIME_H 1
| #define HAVE_TIME_H 1
| #define HAVE_SYS_SYSMACROS_H 1
| #define HAVE_STRING_H 1
| #define HAVE_MEMORY_H 1
| #define HAVE_FCNTL_H 1
| #define HAVE_DIRENT_H 1
| /* end confdefs.h.  */
| #include <stdio.h>
| #ifdef HAVE_SYS_TYPES_H
| # include <sys/types.h>
| #endif
| #ifdef HAVE_SYS_STAT_H
| # include <sys/stat.h>
| #endif
| #ifdef STDC_HEADERS
| # include <stdlib.h>
| # include <stddef.h>
| #else
| # ifdef HAVE_STDLIB_H
| #  include <stdlib.h>
| # endif
| #endif
| #ifdef HAVE_STRING_H
| # if !defined STDC_HEADERS && defined HAVE_MEMORY_H
| #  include <memory.h>
| # endif
| # include <string.h>
| #endif
| #ifdef HAVE_STRINGS_H
| # include <strings.h>
| #endif
| #ifdef HAVE_INTTYPES_H
| # include <inttypes.h>
| #endif
| #ifdef HAVE_STDINT_H
| # include <stdint.h>
| #endif
| #ifdef HAVE_UNISTD_H
| # include <unistd.h>
| #endif
| #include <sys/ndir.h>
configure:4387: result: no
configure:4391: checking sys/ndir.h presence
configure:4406: gcc -E  conftest.c
conftest.c:29:22: error: sys/ndir.h: No such file or directory
configure:4412: $? = 1
configure: failed program was:
| /* confdefs.h.  */
| #define PACKAGE_NAME ""
| #define PACKAGE_TARNAME ""
| #define PACKAGE_VERSION ""
| #define PACKAGE_STRING ""
| #define PACKAGE_BUGREPORT ""
| #define PACKAGE "context_tree"
| #define VERSION "0.1.0"
| #define STDC_HEADERS 1
| #define HAVE_SYS_TYPES_H 1
| #define HAVE_SYS_STAT_H 1
| #define HAVE_STDLIB_H 1
| #define HAVE_STRING_H 1
| #define HAVE_MEMORY_H 1
| #define HAVE_STRINGS_H 1
| #define HAVE_INTTYPES_H 1
| #define HAVE_STDINT_H 1
| #define HAVE_UNISTD_H 1
| #define HAVE_UNISTD_H 1
| #define HAVE_SYS_PARAM_H 1
| #define HAVE_SYS_TIME_H 1
| #define HAVE_TIME_H 1
| #define HAVE_SYS_SYSMACROS_H 1
| #define HAVE_STRING_H 1
| #define HAVE_MEMORY_H 1
| #define HAVE_FCNTL_H 1
| #define HAVE_DIRENT_H 1
| /* end confdefs.h.  */
| #include <sys/ndir.h>
configure:4433: result: no
configure:4461: checking for sys/ndir.h
configure:4469: result: no
configure:4333: checking ndir.h usability
configure:4350: gcc -c -g -O2  conftest.c >&5
conftest.c:62:18: error: ndir.h: No such file or directory
configure:4356: $? = 1
configure: failed program was:
| /* confdefs.h.  */
| #define PACKAGE_NAME ""
| #define PACKAGE_TARNAME ""
| #define PACKAGE_VERSION ""
| #define PACKAGE_STRING ""
| #define PACKAGE_BUGREPORT ""
| #define PACKAGE "context_tree"
| #define VERSION "0.1.0"
| #define STDC_HEADERS 1
| #define HAVE_SYS_TYPES_H 1
| #define HAVE_SYS_STAT_H 1
| #define HAVE_STDLIB_H 1
| #define HAVE_STRING_H 1
| #define HAVE_MEMORY_H 1
| #define HAVE_STRINGS_H 1
| #define HAVE_INTTYPES_H 1
| #define HAVE_STDINT_H 1
| #define HAVE_UNISTD_H 1
| #define HAVE_UNISTD_H 1
| #define HAVE_SYS_PARAM_H 1
| #define HAVE_SYS_TIME_H 1
| #define HAVE_TIME_H 1
| #define HAVE_SYS_SYSMACROS_H 1
| #define HAVE_STRING_H 1
| #define HAVE_MEMORY_H 1
| #define HAVE_FCNTL_H 1
| #define HAVE_DIRENT_H 1
| /* end confdefs.h.  */
| #include <stdio.h>
| #ifdef HAVE_SYS_TYPES_H
| # include <sys/types.h>
| #endif
| #ifdef HAVE_SYS_STAT_H
| # include <sys/stat.h>
| #endif
| #ifdef STDC_HEADERS
| # include <stdlib.h>
| # include <stddef.h>
| #else
| # ifdef HAVE_STDLIB_H
| #  include <stdlib.h>
| # endif
| #endif
| #ifdef HAVE_STRING_H
| # if !defined STDC_HEADERS && defined HAVE_MEMORY_H
| #  include <memory.h>
| # endif
| # include <string.h>
| #endif
| #ifdef HAVE_STRINGS_H
| # include <strings.h>
| #endif
| #ifdef HAVE_INTTYPES_H
| # include <inttypes.h>
| #endif
| #ifdef HAVE_STDINT_H
| # include <stdint.h>
| #endif
| #ifdef HAVE_UNISTD_H
| # include <unistd.h>
| #endif
| #include <ndir.h>
configure:4387: result: no
configure:4391: checking ndir.h presence
configure:4406: gcc -E  conftest.c
conftest.c:29:18: error: ndir.h: No such file or directory
configure:4412: $? = 1
configure: failed program was:
| /* confdefs.h.  */
| #define PACKAGE_NAME ""
| #define PACKAGE_TARNAME ""
| #define PACKAGE_VERSION ""
| #define PACKAGE_STRING ""
| #define PACKAGE_BUGREPORT ""
| #define PACKAGE "context_tree"
| #define VERSION "0.1.0"
| #define STDC_HEADERS 1
| #define HAVE_SYS_TYPES_H 1
| #define HAVE_SYS_STAT_H 1
| #define HAVE_STDLIB_H 1
| #define HAVE_STRING_H 1
| #define HAVE_MEMORY_H 1
| #define HAVE_STRINGS_H 1
| #define HAVE_INTTYPES_H 1
| #define HAVE_STDINT_H 1
| #define HAVE_UNISTD_H 1
| #define HAVE_UNISTD_H 1
| #define HAVE_SYS_PARAM_H 1
| #define HAVE_SYS_TIME_H 1
| #define HAVE_TIME_H 1
| #define HAVE_SYS_SYSMACROS_H 1
| #define HAVE_STRING_H 1
| #define HAVE_MEMORY_H 1
| #define HAVE_FCNTL_H 1
| #define HAVE_DIRENT_H 1
| /* end confdefs.h.  */
| #include <ndir.h>
configure:4433: result: no
configure:4461: checking for ndir.h
configure:4469: result: no
configure:4333: checking alloca.h usability
configure:4350: gcc -c -g -O2  conftest.c >&5
configure:4356: $? = 0
configure:4363: test -z "$ac_c_werror_flag" || test ! -s conftest.err
configure:4366: $? = 0
configure:4373: test -s conftest.o
configure:4376: $? = 0
configure:4387: result: yes
configure:4391: checking alloca.h presence
configure:4406: gcc -E  conftest.c
configure:4412: $? = 0
configure:4433: result: yes
configure:4461: checking for alloca.h
configure:4469: result: yes
configure:4333: checking locale.h usability
configure:4350: gcc -c -g -O2  conftest.c >&5
configure:4356: $? = 0
configure:4363: test -z "$ac_c_werror_flag" || test ! -s conftest.err
configure:4366: $? = 0
configure:4373: test -s conftest.o
configure:4376: $? = 0
configure:4387: result: yes
configure:4391: checking locale.h presence
configure:4406: gcc -E  conftest.c
configure:4412: $? = 0
configure:4433: result: yes
configure:4461: checking for locale.h
configure:4469: result: yes
configure:4483: checking whether time.h and sys/time.h may both be included
configure:4513: gcc -c -g -O2  conftest.c >&5
configure:4519: $? = 0
configure:4526: test -z "$ac_c_werror_flag" || test ! -s conftest.err
configure:4529: $? = 0
configure:4536: test -s conftest.o
configure:4539: $? = 0
configure:4551: result: yes
configure:4577: checking utime.h usability
configure:4594: gcc -c -g -O2  conftest.c >&5
configure:4600: $? = 0
configure:4607: test -z "$ac_c_werror_flag" || test ! -s conftest.err
configure:4610: $? = 0
configure:4617: test -s conftest.o
configure:4620: $? = 0
configure:4631: result: yes
configure:4635: checking utime.h presence
configure:4650: gcc -E  conftest.c
configure:4656: $? = 0
configure:4677: result: yes
configure:4705: checking for utime.h
configure:4713: result: yes
configure:4727: checking for struct utimbuf
configure:4767: gcc -c -g -O2  conftest.c >&5
configure:4773: $? = 0
configure:4780: test -z "$ac_c_werror_flag" || test ! -s conftest.err
configure:4783: $? = 0
configure:4790: test -s conftest.o
configure:4793: $? = 0
configure:4806: result: yes
configure:4817: checking whether sys/types.h defines makedev
configure:4843: gcc -o conftest -g -O2   conftest.c  >&5
configure:4849: $? = 0
configure:4856: test -z "$ac_c_werror_flag" || test ! -s conftest.err
configure:4859: $? = 0
configure:4866: test -s conftest
configure:4869: $? = 0
configure:4883: result: yes
configure:5210: checking for working alloca.h
configure:5237: gcc -o conftest -g -O2   conftest.c  >&5
configure:5243: $? = 0
configure:5250: test -z "$ac_c_werror_flag" || test ! -s conftest.err
configure:5253: $? = 0
configure:5260: test -s conftest
configure:5263: $? = 0
configure:5276: result: yes
configure:5286: checking for alloca
configure:5333: gcc -o conftest -g -O2   conftest.c  >&5
configure:5339: $? = 0
configure:5346: test -z "$ac_c_werror_flag" || test ! -s conftest.err
configure:5349: $? = 0
configure:5356: test -s conftest
configure:5359: $? = 0
configure:5372: result: yes
configure:5615: checking whether struct tm is in sys/time.h or time.h
configure:5643: gcc -c -g -O2  conftest.c >&5
configure:5649: $? = 0
configure:5656: test -z "$ac_c_werror_flag" || test ! -s conftest.err
configure:5659: $? = 0
configure:5666: test -s conftest.o
configure:5669: $? = 0
configure:5681: result: time.h
configure:5691: checking for struct stat.st_blocks
configure:5719: gcc -c -g -O2  conftest.c >&5
configure:5725: $? = 0
configure:5732: test -z "$ac_c_werror_flag" || test ! -s conftest.err
configure:5735: $? = 0
configure:5742: test -s conftest.o
configure:5745: $? = 0
configure:5816: result: yes
configure:5847: checking for dirent.h that defines DIR
configure:5876: gcc -c -g -O2  conftest.c >&5
configure:5882: $? = 0
configure:5889: test -z "$ac_c_werror_flag" || test ! -s conftest.err
configure:5892: $? = 0
configure:5899: test -s conftest.o
configure:5902: $? = 0
configure:5915: result: yes
configure:5928: checking for library containing opendir
configure:5969: gcc -o conftest -g -O2   conftest.c  >&5
configure:5975: $? = 0
configure:5982: test -z "$ac_c_werror_flag" || test ! -s conftest.err
configure:5985: $? = 0
configure:5992: test -s conftest
configure:5995: $? = 0
configure:6019: result: none required
configure:6129: checking whether closedir returns void
configure:6163: gcc -o conftest -g -O2   conftest.c  >&5
configure:6166: $? = 0
configure:6172: ./conftest
configure:6175: $? = 0
configure:6191: result: no
configure:6205: checking for mkfifo
configure:6261: gcc -o conftest -g -O2   conftest.c  >&5
configure:6267: $? = 0
configure:6274: test -z "$ac_c_werror_flag" || test ! -s conftest.err
configure:6277: $? = 0
configure:6284: test -s conftest
configure:6287: $? = 0
configure:6301: result: yes
configure:6311: checking for mknod
configure:6367: gcc -o conftest -g -O2   conftest.c  >&5
configure:6373: $? = 0
configure:6380: test -z "$ac_c_werror_flag" || test ! -s conftest.err
configure:6383: $? = 0
configure:6390: test -s conftest
configure:6393: $? = 0
configure:6406: result: yes
configure:6514: creating ./config.status

## ---------------------- ##
## Running config.status. ##
## ---------------------- ##

This file was extended by config.status, which was
generated by GNU Autoconf 2.60a.  Invocation command line was

  CONFIG_FILES    = 
  CONFIG_HEADERS  = 
  CONFIG_LINKS    = 
  CONFIG_COMMANDS = 
  $ ./config.status 

on r27rtdmr6.desktop.umr.edu

config.status:616: creating Makefile
config.status:751: WARNING:  Makefile.in seems to ignore the --datarootdir setting
config.status:616: creating context_tree.lsm
config.status:616: creating context_tree.spec
config.status:616: creating config.h
config.status:868: executing default-1 commands

## ---------------- ##
## Cache variables. ##
## ---------------- ##

ac_cv_build=i686-pc-linux-gnu
ac_cv_c_compiler_gnu=yes
ac_cv_cxx_compiler_gnu=yes
ac_cv_env_CCC_set=
ac_cv_env_CCC_value=
ac_cv_env_CC_set=
ac_cv_env_CC_value=
ac_cv_env_CFLAGS_set=
ac_cv_env_CFLAGS_value=
ac_cv_env_CPPFLAGS_set=
ac_cv_env_CPPFLAGS_value=
ac_cv_env_CPP_set=
ac_cv_env_CPP_value=
ac_cv_env_CXXFLAGS_set=
ac_cv_env_CXXFLAGS_value=
ac_cv_env_CXX_set=
ac_cv_env_CXX_value=
ac_cv_env_LDFLAGS_set=
ac_cv_env_LDFLAGS_value=
ac_cv_env_build_alias_set=
ac_cv_env_build_alias_value=
ac_cv_env_host_alias_set=
ac_cv_env_host_alias_value=
ac_cv_env_target_alias_set=
ac_cv_env_target_alias_value=
ac_cv_func_alloca_works=yes
ac_cv_func_closedir_void=no
ac_cv_func_mkfifo=yes
ac_cv_func_mknod=yes
ac_cv_header_alloca_h=yes
ac_cv_header_dirent_dirent_h=yes
ac_cv_header_dirent_h=yes
ac_cv_header_fcntl_h=yes
ac_cv_header_inttypes_h=yes
ac_cv_header_locale_h=yes
ac_cv_header_memory_h=yes
ac_cv_header_ndir_h=no
ac_cv_header_stdc=yes
ac_cv_header_stdint_h=yes
ac_cv_header_stdlib_h=yes
ac_cv_header_string_h=yes
ac_cv_header_strings_h=yes
ac_cv_header_sys_mkdev_h=no
ac_cv_header_sys_ndir_h=no
ac_cv_header_sys_param_h=yes
ac_cv_header_sys_stat_h=yes
ac_cv_header_sys_sysmacros_h=yes
ac_cv_header_sys_time_h=yes
ac_cv_header_sys_types_h=yes
ac_cv_header_sys_types_h_makedev=yes
ac_cv_header_time=yes
ac_cv_header_time_h=yes
ac_cv_header_unistd_h=yes
ac_cv_header_utime_h=yes
ac_cv_host=i686-pc-linux-gnu
ac_cv_member_struct_stat_st_blocks=yes
ac_cv_objext=o
ac_cv_path_EGREP='/bin/grep -E'
ac_cv_path_GREP=/bin/grep
ac_cv_path_install='/usr/bin/install -c'
ac_cv_prog_CPP='gcc -E'
ac_cv_prog_ac_ct_CC=gcc
ac_cv_prog_ac_ct_CXX=g++
ac_cv_prog_cc_c89=
ac_cv_prog_cc_g=yes
ac_cv_prog_cxx_g=yes
ac_cv_prog_make_make_set=yes
ac_cv_search_opendir='none required'
ac_cv_struct_tm=time.h
ac_cv_working_alloca_h=yes
fu_cv_sys_struct_utimbuf=yes

## ----------------- ##
## Output variables. ##
## ----------------- ##

ACLOCAL='aclocal-1.4'
ALLOCA=''
AUTOCONF='autoconf'
AUTOHEADER='autoheader'
AUTOMAKE='automake-1.4'
CC='gcc'
CFLAGS='-g -O2'
CPP='gcc -E'
CPPFLAGS=''
CXX='g++'
CXXFLAGS='-g -O2'
DEFS='-DHAVE_CONFIG_H'
ECHO_C=''
ECHO_N='-n'
ECHO_T=''
EGREP='/bin/grep -E'
EXEEXT=''
GREP='/bin/grep'
INSTALL_DATA='${INSTALL} -m 644'
INSTALL_PROGRAM='${INSTALL}'
INSTALL_SCRIPT='${INSTALL}'
ISODATE='2006-10-04'
LDFLAGS=''
LIBOBJS=''
LIBS=''
LTLIBOBJS=''
MAKEINFO='makeinfo'
OBJEXT='o'
PACKAGE='context_tree'
PACKAGE_BUGREPORT=''
PACKAGE_NAME=''
PACKAGE_STRING=''
PACKAGE_TARNAME=''
PACKAGE_VERSION=''
PATH_SEPARATOR=':'
SET_MAKE=''
SHELL='/bin/sh'
VERSION='0.1.0'
ac_ct_CC='gcc'
ac_ct_CXX='g++'
bindir='${exec_prefix}/bin'
build='i686-pc-linux-gnu'
build_alias=''
build_cpu='i686'
build_os='linux-gnu'
build_vendor='pc'
datadir='${datarootdir}'
datarootdir='${prefix}/share'
docdir='${datarootdir}/doc/${PACKAGE}'
dvidir='${docdir}'
exec_prefix='${prefix}'
host='i686-pc-linux-gnu'
host_alias=''
host_cpu='i686'
host_os='linux-gnu'
host_vendor='pc'
htmldir='${docdir}'
includedir='${prefix}/include'
infodir='${datarootdir}/info'
libdir='${exec_prefix}/lib'
libexecdir='${exec_prefix}/libexec'
localedir='${datarootdir}/locale'
localstatedir='${prefix}/var'
mandir='${datarootdir}/man'
oldincludedir='/usr/include'
pdfdir='${docdir}'
prefix='/usr/local'
program_transform_name='s,x,x,'
psdir='${docdir}'
sbindir='${exec_prefix}/sbin'
sharedstatedir='${prefix}/com'
sysconfdir='${prefix}/etc'
target_alias=''

## ----------- ##
## confdefs.h. ##
## ----------- ##

#define PACKAGE_NAME ""
#define PACKAGE_TARNAME ""
#define PACKAGE_VERSION ""
#define PACKAGE_STRING ""
#define PACKAGE_BUGREPORT ""
#define PACKAGE "context_tree"
#define VERSION "0.1.0"
#define STDC_HEADERS 1
#define HAVE_SYS_TYPES_H 1
#define HAVE_SYS_STAT_H 1
#define HAVE_STDLIB_H 1
#define HAVE_STRING_H 1
#define HAVE_MEMORY_H 1
#define HAVE_STRINGS_H 1
#define HAVE_INTTYPES_H 1
#define HAVE_STDINT_H 1
#define HAVE_UNISTD_H 1
#define HAVE_UNISTD_H 1
#define HAVE_SYS_PARAM_H 1
#define HAVE_SYS_TIME_H 1
#define HAVE_TIME_H 1
#define HAVE_SYS_SYSMACROS_H 1
#define HAVE_STRING_H 1
#define HAVE_MEMORY_H 1
#define HAVE_FCNTL_H 1
#define HAVE_DIRENT_H 1
#define HAVE_ALLOCA_H 1
#define HAVE_LOCALE_H 1
#define TIME_WITH_SYS_TIME 1
#define HAVE_UTIME_H 1
#define HAVE_STRUCT_UTIMBUF 1
#define HAVE_ALLOCA_H 1
#define HAVE_ALLOCA 1
#define HAVE_STRUCT_STAT_ST_BLOCKS 1
#define HAVE_ST_BLOCKS 1
#define HAVE_DIRENT_H 1
#define HAVE_MKFIFO 1

configure: exit 0
